[GuArt::Controller:4242] debug @2015-04-30 19:16:51> request path: / in lib/GuArt/Controller.pm l. 11
[GuArt::Controller:4242] debug @2015-04-30 19:16:51> request path: /login/ in lib/GuArt/Controller.pm l. 11
[GuArt::Controller:4242] debug @2015-04-30 19:17:03> request path: / in lib/GuArt/Controller.pm l. 11
[GuArt::Controller:4242] debug @2015-04-30 19:17:18> request path: /closeup/1 in lib/GuArt/Controller.pm l. 11
[GuArt::Controller:4242] debug @2015-04-30 19:17:21> request path: / in lib/GuArt/Controller.pm l. 11
[GuArt::Controller:4242] debug @2015-04-30 19:17:23> request path: /buy/1 in lib/GuArt/Controller.pm l. 11
[GuArt::Controller:4242] debug @2015-04-30 19:17:23> request path: / in lib/GuArt/Controller.pm l. 11
[GuArt::Controller:4242] debug @2015-04-30 19:17:25> request path: /buy/2 in lib/GuArt/Controller.pm l. 11
[GuArt::Controller:4242] debug @2015-04-30 19:17:25> request path: / in lib/GuArt/Controller.pm l. 11
[GuArt::Controller:4242] debug @2015-04-30 19:17:27> request path: /logout in lib/GuArt/Controller.pm l. 11
[GuArt::Controller:4242] warning @2015-04-30 19:17:27> User jfie is logging out in lib/GuArt/Controller.pm l. 70
[GuArt::Controller:4242] debug @2015-04-30 19:17:28> request path: / in lib/GuArt/Controller.pm l. 11
[GuArt::Controller:4242] debug @2015-04-30 19:17:28> request path: /login/ in lib/GuArt/Controller.pm l. 11
[GuArt::Controller:4406] debug @2015-04-30 19:19:41> request path: / in lib/GuArt/Controller.pm l. 11
[GuArt::Controller:4406] debug @2015-04-30 19:19:41> request path: /login/ in lib/GuArt/Controller.pm l. 11
[GuArt::Controller:4406] debug @2015-04-30 19:19:41> request path: /login/closeup/1 in lib/GuArt/Controller.pm l. 11
[GuArt::Controller:4406] debug @2015-04-30 19:19:41> request path: / in lib/GuArt/Controller.pm l. 11
[GuArt::Controller:4406] debug @2015-04-30 19:19:41> request path: /closeup/1 in lib/GuArt/Controller.pm l. 11
[GuArt::Controller:4406] debug @2015-04-30 19:19:41> request path: / in lib/GuArt/Controller.pm l. 11
[GuArt::Controller:4406] debug @2015-04-30 19:19:41> request path: / in lib/GuArt/Controller.pm l. 11
[GuArt::Controller:4406] debug @2015-04-30 19:19:41> request path: / in lib/GuArt/Controller.pm l. 11
[GuArt::Controller:4406] debug @2015-04-30 19:19:41> request path: / in lib/GuArt/Controller.pm l. 11
[GuArt::Controller:4406] debug @2015-04-30 19:19:41> request path: / in lib/GuArt/Controller.pm l. 11
[GuArt::Controller:4406] debug @2015-04-30 19:19:42> request path: / in lib/GuArt/Controller.pm l. 11
[GuArt::Controller:4406] debug @2015-04-30 19:19:42> request path: / in lib/GuArt/Controller.pm l. 11
[GuArt::Controller:4406] debug @2015-04-30 19:19:42> request path: / in lib/GuArt/Controller.pm l. 11
[GuArt::Controller:4406] debug @2015-04-30 19:19:42> request path: / in lib/GuArt/Controller.pm l. 11
[GuArt::Controller:4406] debug @2015-04-30 19:19:42> request path: / in lib/GuArt/Controller.pm l. 11
[GuArt::Controller:4406] debug @2015-04-30 19:19:42> request path: /buy/2 in lib/GuArt/Controller.pm l. 11
[GuArt::Controller:4406] debug @2015-04-30 19:19:42> request path: / in lib/GuArt/Controller.pm l. 11
[GuArt::Controller:4406] debug @2015-04-30 19:19:42> request path: / in lib/GuArt/Controller.pm l. 11
[GuArt::Controller:4406] debug @2015-04-30 19:19:42> request path: /sell/2 in lib/GuArt/Controller.pm l. 11
[GuArt::Controller:4406] debug @2015-04-30 19:19:42> request path: / in lib/GuArt/Controller.pm l. 11
[GuArt::Controller:4406] debug @2015-04-30 19:19:42> request path: /closeup/3 in lib/GuArt/Controller.pm l. 11
[GuArt::Controller:4406] debug @2015-04-30 19:19:42> request path: /closeup/3 in lib/GuArt/Controller.pm l. 11
[GuArt::Controller:4406] debug @2015-04-30 19:19:42> request path: /closeup/3 in lib/GuArt/Controller.pm l. 11
[GuArt::Controller:4406] debug @2015-04-30 19:19:42> request path: / in lib/GuArt/Controller.pm l. 11
[GuArt::Controller:4406] debug @2015-04-30 19:19:42> request path: / in lib/GuArt/Controller.pm l. 11
[GuArt::Controller:4406] debug @2015-04-30 19:19:42> request path: /foobar in lib/GuArt/Controller.pm l. 11
[GuArt::Controller:4406] debug @2015-04-30 19:19:42> request path: /logout in lib/GuArt/Controller.pm l. 11
[GuArt::Controller:4406] warning @2015-04-30 19:19:42> User Rupert is logging out in lib/GuArt/Controller.pm l. 70
[GuArt::Controller:4406] debug @2015-04-30 19:19:42> request path: / in lib/GuArt/Controller.pm l. 11
[GuArt::Controller:4406] debug @2015-04-30 19:19:42> request path: /login/ in lib/GuArt/Controller.pm l. 11
[GuArt::Controller:4826] debug @2015-04-30 19:23:49> request path: / in lib/GuArt/Controller.pm l. 11
[GuArt::Controller:4826] debug @2015-04-30 19:23:49> request path: /login/ in lib/GuArt/Controller.pm l. 11
[GuArt::Controller:4826] debug @2015-04-30 19:23:57> request path: / in lib/GuArt/Controller.pm l. 11
[GuArt::Controller:5432] debug @2015-04-30 19:33:42> request path: / in lib/GuArt/Controller.pm l. 11
[GuArt::Controller:5432] debug @2015-04-30 19:33:42> request path: /login/ in lib/GuArt/Controller.pm l. 11
[GuArt::Controller:5432] debug @2015-04-30 19:33:46> request path: / in lib/GuArt/Controller.pm l. 11
[GuArt::Controller:5432] debug @2015-04-30 19:33:55> request path: /hokus in lib/GuArt/Controller.pm l. 11
[GuArt::Controller:5432] debug @2015-04-30 19:34:22> request path: /logout in lib/GuArt/Controller.pm l. 11
[GuArt::Controller:5432] warning @2015-04-30 19:34:22> User pavel is logging out in lib/GuArt/Controller.pm l. 70
[GuArt::Controller:5432] debug @2015-04-30 19:34:23> request path: / in lib/GuArt/Controller.pm l. 11
[GuArt::Controller:5432] debug @2015-04-30 19:34:23> request path: /login/ in lib/GuArt/Controller.pm l. 11
[GuArt::Controller:5555] debug @2015-04-30 19:35:18> request path: /fjowiejfow\ in lib/GuArt/Controller.pm l. 11
[GuArt::Controller:5555] debug @2015-04-30 19:35:18> request path: /login/fjowiejfow\ in lib/GuArt/Controller.pm l. 11
[GuArt::Controller:5555] debug @2015-04-30 19:35:28> request path: / in lib/GuArt/Controller.pm l. 11
[GuArt::Controller:5555] debug @2015-04-30 19:35:28> request path: /fjowiejfow\ in lib/GuArt/Controller.pm l. 11
[GuArt::Controller:5555] debug @2015-04-30 19:35:28> request path: /css/error.css in lib/GuArt/Controller.pm l. 11
[GuArt::Controller:8180] debug @2015-04-30 20:17:52> request path: / in lib/GuArt/Controller.pm l. 11
[GuArt::Controller:8180] debug @2015-04-30 20:17:52> request path: /login/ in lib/GuArt/Controller.pm l. 11
[GuArt::Controller:8180] debug @2015-04-30 20:17:53> request path: /retrieve-data in lib/GuArt/Controller.pm l. 11
[GuArt::Controller:8180] debug @2015-04-30 20:17:53> request path: /login/retrieve-data in lib/GuArt/Controller.pm l. 11
[GuArt::Controller:8180] debug @2015-04-30 20:17:58> request path: / in lib/GuArt/Controller.pm l. 11
[GuArt::Controller:8180] debug @2015-04-30 20:17:58> request path: /retrieve-data in lib/GuArt/Controller.pm l. 11
[GuArt::Controller:8272] debug @2015-04-30 20:19:30> request path: / in lib/GuArt/Controller.pm l. 11
[GuArt::Controller:8272] debug @2015-04-30 20:19:31> request path: /login/ in lib/GuArt/Controller.pm l. 11
[GuArt::Controller:8272] debug @2015-04-30 20:19:31> request path: /retrieve-data in lib/GuArt/Controller.pm l. 11
[GuArt::Controller:8272] debug @2015-04-30 20:19:33> request path: / in lib/GuArt/Controller.pm l. 11
[GuArt::Controller:8272] debug @2015-04-30 20:19:35> request path: /retrieve-data in lib/GuArt/Controller.pm l. 11
[GuArt::Controller:8272] debug @2015-04-30 20:19:45> request path: /toggle-ownership/6 in lib/GuArt/Controller.pm l. 11
[GuArt::Controller:8272] error @2015-04-30 20:19:45> Route exception: Can't use an undefined value as a HASH reference at lib/GuArt/Controller.pm line 100. in (eval 99) l. 2
[GuArt::Controller:8272] debug @2015-04-30 20:19:46> request path: /toggle-ownership/6 in lib/GuArt/Controller.pm l. 11
[GuArt::Controller:8272] error @2015-04-30 20:19:46> Route exception: Can't use an undefined value as a HASH reference at lib/GuArt/Controller.pm line 100. in (eval 99) l. 2
[GuArt::Controller:8393] debug @2015-04-30 20:21:04> request path: / in lib/GuArt/Controller.pm l. 11
[GuArt::Controller:8393] debug @2015-04-30 20:21:04> request path: /login/ in lib/GuArt/Controller.pm l. 11
[GuArt::Controller:8393] debug @2015-04-30 20:21:04> request path: /login/closeup/1 in lib/GuArt/Controller.pm l. 11
[GuArt::Controller:8393] debug @2015-04-30 20:21:04> request path: / in lib/GuArt/Controller.pm l. 11
[GuArt::Controller:8393] debug @2015-04-30 20:21:04> request path: /closeup/1 in lib/GuArt/Controller.pm l. 11
[GuArt::Controller:8393] debug @2015-04-30 20:21:04> request path: / in lib/GuArt/Controller.pm l. 11
[GuArt::Controller:8393] debug @2015-04-30 20:21:04> request path: / in lib/GuArt/Controller.pm l. 11
[GuArt::Controller:8393] debug @2015-04-30 20:21:04> request path: / in lib/GuArt/Controller.pm l. 11
[GuArt::Controller:8393] debug @2015-04-30 20:21:04> request path: / in lib/GuArt/Controller.pm l. 11
[GuArt::Controller:8393] debug @2015-04-30 20:21:04> request path: / in lib/GuArt/Controller.pm l. 11
[GuArt::Controller:8393] debug @2015-04-30 20:21:05> request path: / in lib/GuArt/Controller.pm l. 11
[GuArt::Controller:8393] debug @2015-04-30 20:21:05> request path: / in lib/GuArt/Controller.pm l. 11
[GuArt::Controller:8393] debug @2015-04-30 20:21:05> request path: /retrieve-data in lib/GuArt/Controller.pm l. 11
[GuArt::Controller:8393] debug @2015-04-30 20:21:05> request path: /toggle-ownership/2 in lib/GuArt/Controller.pm l. 11
[GuArt::Controller:8393] error @2015-04-30 20:21:05> Route exception: Can't use an undefined value as a HASH reference at lib/GuArt/Controller.pm line 100. in (eval 99) l. 2
[GuArt::Controller:8393] debug @2015-04-30 20:21:24> request path: / in lib/GuArt/Controller.pm l. 11
[GuArt::Controller:8393] debug @2015-04-30 20:21:24> request path: /login/ in lib/GuArt/Controller.pm l. 11
[GuArt::Controller:8393] debug @2015-04-30 20:21:25> request path: /retrieve-data in lib/GuArt/Controller.pm l. 11
[GuArt::Controller:8393] debug @2015-04-30 20:21:29> request path: / in lib/GuArt/Controller.pm l. 11
[GuArt::Controller:8393] debug @2015-04-30 20:21:31> request path: /retrieve-data in lib/GuArt/Controller.pm l. 11
[GuArt::Controller:8393] debug @2015-04-30 20:21:33> request path: /toggle-ownership/1 in lib/GuArt/Controller.pm l. 11
[GuArt::Controller:8393] error @2015-04-30 20:21:33> Route exception: Can't use an undefined value as a HASH reference at lib/GuArt/Controller.pm line 100. in (eval 99) l. 2
[GuArt::Controller:8393] debug @2015-04-30 20:21:49> request path: /toggle-ownership/2 in lib/GuArt/Controller.pm l. 11
[GuArt::Controller:8393] error @2015-04-30 20:21:49> Route exception: Can't use an undefined value as a HASH reference at lib/GuArt/Controller.pm line 100. in (eval 99) l. 2
[GuArt::Controller:8393] debug @2015-04-30 20:21:50> request path: /css/error.css in lib/GuArt/Controller.pm l. 11
[GuArt::Controller:8393] debug @2015-04-30 20:21:55> request path: /toggle-ownership/ in lib/GuArt/Controller.pm l. 11
[GuArt::Controller:8393] debug @2015-04-30 20:22:05> request path: /toggle-ownership/2 in lib/GuArt/Controller.pm l. 11
[GuArt::Controller:8393] error @2015-04-30 20:22:05> Route exception: Can't use an undefined value as a HASH reference at lib/GuArt/Controller.pm line 100. in (eval 99) l. 2
[GuArt::Controller:8393] debug @2015-04-30 20:22:05> request path: /css/error.css in lib/GuArt/Controller.pm l. 11
[GuArt::Controller:5517] debug @2015-05-01 08:51:49> request path: / in lib/GuArt/Controller.pm l. 11
[GuArt::Controller:5517] debug @2015-05-01 08:51:49> request path: /login/ in lib/GuArt/Controller.pm l. 11
[GuArt::Controller:5517] debug @2015-05-01 08:51:57> request path: /login/ in lib/GuArt/Controller.pm l. 11
[GuArt::Controller:5517] debug @2015-05-01 08:52:11> request path: / in lib/GuArt/Controller.pm l. 11
[GuArt::Controller:5517] debug @2015-05-01 08:58:17> request path: / in lib/GuArt/Controller.pm l. 11
[GuArt::Controller:5517] debug @2015-05-01 08:58:22> request path: / in lib/GuArt/Controller.pm l. 11
[GuArt::Controller:5517] debug @2015-05-01 08:58:29> request path: / in lib/GuArt/Controller.pm l. 11
[GuArt::Controller:8558] debug @2015-05-01 09:25:06> request path: / in lib/GuArt/Controller.pm l. 11
[GuArt::Controller:8558] debug @2015-05-01 09:25:06> request path: /login/ in lib/GuArt/Controller.pm l. 11
[GuArt::Controller:8558] debug @2015-05-01 09:25:08> request path: /retrieve-data in lib/GuArt/Controller.pm l. 11
[GuArt::Controller:8558] debug @2015-05-01 09:25:11> request path: / in lib/GuArt/Controller.pm l. 11
[GuArt::Controller:8558] debug @2015-05-01 09:25:12> request path: /retrieve-data in lib/GuArt/Controller.pm l. 11
[GuArt::Controller:8558] debug @2015-05-01 09:25:42> request path: / in lib/GuArt/Controller.pm l. 11
[GuArt::Controller:8558] debug @2015-05-01 09:26:01> request path: / in lib/GuArt/Controller.pm l. 11
[GuArt::Controller:8993] debug @2015-05-01 09:28:59> request path: / in lib/GuArt/Controller.pm l. 11
[GuArt::Controller:8993] debug @2015-05-01 09:29:00> request path: /login/ in lib/GuArt/Controller.pm l. 11
[GuArt::Controller:8993] debug @2015-05-01 09:29:02> request path: /retrieve-data in lib/GuArt/Controller.pm l. 11
[GuArt::Controller:8993] debug @2015-05-01 09:29:03> request path: / in lib/GuArt/Controller.pm l. 11
[GuArt::Controller:8993] debug @2015-05-01 09:29:05> request path: /retrieve-data in lib/GuArt/Controller.pm l. 11
[GuArt::Controller:8993] debug @2015-05-01 09:29:13> request path: /toggle-ownership/2 in lib/GuArt/Controller.pm l. 11
[GuArt::Controller:8993] debug @2015-05-01 09:29:16> request path: /toggle-ownership/1 in lib/GuArt/Controller.pm l. 11
[GuArt::Controller:8993] debug @2015-05-01 09:29:20> request path: /toggle-ownership/2 in lib/GuArt/Controller.pm l. 11
[GuArt::Controller:8993] debug @2015-05-01 09:29:23> request path: /toggle-ownership/5 in lib/GuArt/Controller.pm l. 11
[GuArt::Controller:8993] debug @2015-05-01 09:29:24> request path: /toggle-ownership/5 in lib/GuArt/Controller.pm l. 11
[GuArt::Controller:8993] debug @2015-05-01 09:29:25> request path: /toggle-ownership/5 in lib/GuArt/Controller.pm l. 11
[GuArt::Controller:8993] debug @2015-05-01 09:29:26> request path: /toggle-ownership/5 in lib/GuArt/Controller.pm l. 11
[GuArt::Controller:8993] debug @2015-05-01 09:29:27> request path: /toggle-ownership/5 in lib/GuArt/Controller.pm l. 11
[GuArt::Controller:8993] debug @2015-05-01 09:29:38> request path: /toggle-ownership/2 in lib/GuArt/Controller.pm l. 11
[GuArt::Controller:8993] debug @2015-05-01 09:29:41> request path: /toggle-ownership/1 in lib/GuArt/Controller.pm l. 11
[GuArt::Controller:8993] debug @2015-05-01 09:29:42> request path: /toggle-ownership/1 in lib/GuArt/Controller.pm l. 11
[GuArt::Controller:8993] debug @2015-05-01 09:29:45> request path: /toggle-ownership/1 in lib/GuArt/Controller.pm l. 11
[GuArt::Controller:8993] debug @2015-05-01 09:29:51> request path: /closeup/7 in lib/GuArt/Controller.pm l. 11
[GuArt::Controller:8993] debug @2015-05-01 09:29:52> request path: /retrieve-data in lib/GuArt/Controller.pm l. 11
[GuArt::Controller:8993] debug @2015-05-01 09:29:54> request path: / in lib/GuArt/Controller.pm l. 11
[GuArt::Controller:8993] debug @2015-05-01 09:29:57> request path: /retrieve-data in lib/GuArt/Controller.pm l. 11
[GuArt::Controller:8993] debug @2015-05-01 09:30:05> request path: /closeup/1 in lib/GuArt/Controller.pm l. 11
[GuArt::Controller:8993] debug @2015-05-01 09:30:06> request path: /retrieve-data in lib/GuArt/Controller.pm l. 11
[GuArt::Controller:8993] debug @2015-05-01 09:30:08> request path: / in lib/GuArt/Controller.pm l. 11
[GuArt::Controller:8993] debug @2015-05-01 09:30:11> request path: /retrieve-data in lib/GuArt/Controller.pm l. 11
[GuArt::Controller:9135] debug @2015-05-01 09:31:05> request path: / in lib/GuArt/Controller.pm l. 11
[GuArt::Controller:9135] debug @2015-05-01 09:31:05> request path: /login/ in lib/GuArt/Controller.pm l. 11
[GuArt::Controller:9135] debug @2015-05-01 09:31:05> request path: /login/closeup/1 in lib/GuArt/Controller.pm l. 11
[GuArt::Controller:9135] debug @2015-05-01 09:31:05> request path: / in lib/GuArt/Controller.pm l. 11
[GuArt::Controller:9135] debug @2015-05-01 09:31:05> request path: /closeup/1 in lib/GuArt/Controller.pm l. 11
[GuArt::Controller:9135] debug @2015-05-01 09:31:05> request path: / in lib/GuArt/Controller.pm l. 11
[GuArt::Controller:9135] debug @2015-05-01 09:31:05> request path: / in lib/GuArt/Controller.pm l. 11
[GuArt::Controller:9135] debug @2015-05-01 09:31:05> request path: / in lib/GuArt/Controller.pm l. 11
[GuArt::Controller:9135] debug @2015-05-01 09:31:05> request path: / in lib/GuArt/Controller.pm l. 11
[GuArt::Controller:9135] debug @2015-05-01 09:31:05> request path: / in lib/GuArt/Controller.pm l. 11
[GuArt::Controller:9135] debug @2015-05-01 09:31:05> request path: / in lib/GuArt/Controller.pm l. 11
[GuArt::Controller:9135] debug @2015-05-01 09:31:05> request path: / in lib/GuArt/Controller.pm l. 11
[GuArt::Controller:9135] debug @2015-05-01 09:31:05> request path: /retrieve-data in lib/GuArt/Controller.pm l. 11
[GuArt::Controller:9135] debug @2015-05-01 09:31:05> request path: /toggle-ownership/2 in lib/GuArt/Controller.pm l. 11
[GuArt::Controller:9135] debug @2015-05-01 09:31:05> request path: /closeup/3 in lib/GuArt/Controller.pm l. 11
[GuArt::Controller:9135] debug @2015-05-01 09:31:05> request path: /closeup/3 in lib/GuArt/Controller.pm l. 11
[GuArt::Controller:9135] debug @2015-05-01 09:31:05> request path: /retrieve-data in lib/GuArt/Controller.pm l. 11
[GuArt::Controller:9135] debug @2015-05-01 09:31:05> request path: / in lib/GuArt/Controller.pm l. 11
[GuArt::Controller:9135] debug @2015-05-01 09:31:05> request path: / in lib/GuArt/Controller.pm l. 11
[GuArt::Controller:9135] debug @2015-05-01 09:31:05> request path: / in lib/GuArt/Controller.pm l. 11
[GuArt::Controller:9135] debug @2015-05-01 09:31:05> request path: / in lib/GuArt/Controller.pm l. 11
[GuArt::Controller:9135] debug @2015-05-01 09:31:05> request path: /foobar in lib/GuArt/Controller.pm l. 11
[GuArt::Controller:9135] debug @2015-05-01 09:31:06> request path: /logout in lib/GuArt/Controller.pm l. 11
[GuArt::Controller:9135] warning @2015-05-01 09:31:06> User Rupert is logging out in lib/GuArt/Controller.pm l. 70
[GuArt::Controller:9135] debug @2015-05-01 09:31:06> request path: / in lib/GuArt/Controller.pm l. 11
[GuArt::Controller:9135] debug @2015-05-01 09:31:06> request path: /login/ in lib/GuArt/Controller.pm l. 11
[GuArt::Controller:9713] debug @2015-05-01 09:41:07> request path: / in lib/GuArt/Controller.pm l. 11
[GuArt::Controller:9713] debug @2015-05-01 09:41:08> request path: /login/ in lib/GuArt/Controller.pm l. 11
[GuArt::Controller:9713] debug @2015-05-01 09:41:09> request path: /retrieve-data in lib/GuArt/Controller.pm l. 11
[GuArt::Controller:9713] debug @2015-05-01 09:41:11> request path: / in lib/GuArt/Controller.pm l. 11
[GuArt::Controller:9713] debug @2015-05-01 09:41:12> request path: /retrieve-data in lib/GuArt/Controller.pm l. 11
[GuArt::Controller:9713] debug @2015-05-01 09:41:17> request path: /closeup/1 in lib/GuArt/Controller.pm l. 11
[GuArt::Controller:9713] debug @2015-05-01 09:41:19> request path: /retrieve-data in lib/GuArt/Controller.pm l. 11
[GuArt::Controller:9713] debug @2015-05-01 09:41:24> request path: / in lib/GuArt/Controller.pm l. 11
[GuArt::Controller:9713] debug @2015-05-01 09:41:26> request path: /retrieve-data in lib/GuArt/Controller.pm l. 11
[GuArt::Controller:9713] debug @2015-05-01 09:41:27> request path: / in lib/GuArt/Controller.pm l. 11
[GuArt::Controller:9713] debug @2015-05-01 09:41:29> request path: /retrieve-data in lib/GuArt/Controller.pm l. 11
[GuArt::Controller:9713] debug @2015-05-01 09:41:38> request path: /toggle-ownership/1 in lib/GuArt/Controller.pm l. 11
[GuArt::Controller:9713] debug @2015-05-01 09:41:50> request path: /toggle-ownership/1 in lib/GuArt/Controller.pm l. 11
[GuArt::Controller:9713] debug @2015-05-01 09:41:52> request path: /toggle-ownership/2 in lib/GuArt/Controller.pm l. 11
[GuArt::Controller:9713] debug @2015-05-01 09:41:54> request path: /toggle-ownership/2 in lib/GuArt/Controller.pm l. 11
[GuArt::Controller:9713] debug @2015-05-01 09:41:54> request path: /toggle-ownership/2 in lib/GuArt/Controller.pm l. 11
