[GuArt::Controller:4242] debug @2015-04-30 19:16:51> request path: / in lib/GuArt/Controller.pm l. 11
[GuArt::Controller:4242] debug @2015-04-30 19:16:51> request path: /login/ in lib/GuArt/Controller.pm l. 11
[GuArt::Controller:4242] debug @2015-04-30 19:17:03> request path: / in lib/GuArt/Controller.pm l. 11
[GuArt::Controller:4242] debug @2015-04-30 19:17:18> request path: /closeup/1 in lib/GuArt/Controller.pm l. 11
[GuArt::Controller:4242] debug @2015-04-30 19:17:21> request path: / in lib/GuArt/Controller.pm l. 11
[GuArt::Controller:4242] debug @2015-04-30 19:17:23> request path: /buy/1 in lib/GuArt/Controller.pm l. 11
[GuArt::Controller:4242] debug @2015-04-30 19:17:23> request path: / in lib/GuArt/Controller.pm l. 11
[GuArt::Controller:4242] debug @2015-04-30 19:17:25> request path: /buy/2 in lib/GuArt/Controller.pm l. 11
[GuArt::Controller:4242] debug @2015-04-30 19:17:25> request path: / in lib/GuArt/Controller.pm l. 11
[GuArt::Controller:4242] debug @2015-04-30 19:17:27> request path: /logout in lib/GuArt/Controller.pm l. 11
[GuArt::Controller:4242] warning @2015-04-30 19:17:27> User jfie is logging out in lib/GuArt/Controller.pm l. 70
[GuArt::Controller:4242] debug @2015-04-30 19:17:28> request path: / in lib/GuArt/Controller.pm l. 11
[GuArt::Controller:4242] debug @2015-04-30 19:17:28> request path: /login/ in lib/GuArt/Controller.pm l. 11
[GuArt::Controller:4406] debug @2015-04-30 19:19:41> request path: / in lib/GuArt/Controller.pm l. 11
[GuArt::Controller:4406] debug @2015-04-30 19:19:41> request path: /login/ in lib/GuArt/Controller.pm l. 11
[GuArt::Controller:4406] debug @2015-04-30 19:19:41> request path: /login/closeup/1 in lib/GuArt/Controller.pm l. 11
[GuArt::Controller:4406] debug @2015-04-30 19:19:41> request path: / in lib/GuArt/Controller.pm l. 11
[GuArt::Controller:4406] debug @2015-04-30 19:19:41> request path: /closeup/1 in lib/GuArt/Controller.pm l. 11
[GuArt::Controller:4406] debug @2015-04-30 19:19:41> request path: / in lib/GuArt/Controller.pm l. 11
[GuArt::Controller:4406] debug @2015-04-30 19:19:41> request path: / in lib/GuArt/Controller.pm l. 11
[GuArt::Controller:4406] debug @2015-04-30 19:19:41> request path: / in lib/GuArt/Controller.pm l. 11
[GuArt::Controller:4406] debug @2015-04-30 19:19:41> request path: / in lib/GuArt/Controller.pm l. 11
[GuArt::Controller:4406] debug @2015-04-30 19:19:41> request path: / in lib/GuArt/Controller.pm l. 11
[GuArt::Controller:4406] debug @2015-04-30 19:19:42> request path: / in lib/GuArt/Controller.pm l. 11
[GuArt::Controller:4406] debug @2015-04-30 19:19:42> request path: / in lib/GuArt/Controller.pm l. 11
[GuArt::Controller:4406] debug @2015-04-30 19:19:42> request path: / in lib/GuArt/Controller.pm l. 11
[GuArt::Controller:4406] debug @2015-04-30 19:19:42> request path: / in lib/GuArt/Controller.pm l. 11
[GuArt::Controller:4406] debug @2015-04-30 19:19:42> request path: / in lib/GuArt/Controller.pm l. 11
[GuArt::Controller:4406] debug @2015-04-30 19:19:42> request path: /buy/2 in lib/GuArt/Controller.pm l. 11
[GuArt::Controller:4406] debug @2015-04-30 19:19:42> request path: / in lib/GuArt/Controller.pm l. 11
[GuArt::Controller:4406] debug @2015-04-30 19:19:42> request path: / in lib/GuArt/Controller.pm l. 11
[GuArt::Controller:4406] debug @2015-04-30 19:19:42> request path: /sell/2 in lib/GuArt/Controller.pm l. 11
[GuArt::Controller:4406] debug @2015-04-30 19:19:42> request path: / in lib/GuArt/Controller.pm l. 11
[GuArt::Controller:4406] debug @2015-04-30 19:19:42> request path: /closeup/3 in lib/GuArt/Controller.pm l. 11
[GuArt::Controller:4406] debug @2015-04-30 19:19:42> request path: /closeup/3 in lib/GuArt/Controller.pm l. 11
[GuArt::Controller:4406] debug @2015-04-30 19:19:42> request path: /closeup/3 in lib/GuArt/Controller.pm l. 11
[GuArt::Controller:4406] debug @2015-04-30 19:19:42> request path: / in lib/GuArt/Controller.pm l. 11
[GuArt::Controller:4406] debug @2015-04-30 19:19:42> request path: / in lib/GuArt/Controller.pm l. 11
[GuArt::Controller:4406] debug @2015-04-30 19:19:42> request path: /foobar in lib/GuArt/Controller.pm l. 11
[GuArt::Controller:4406] debug @2015-04-30 19:19:42> request path: /logout in lib/GuArt/Controller.pm l. 11
[GuArt::Controller:4406] warning @2015-04-30 19:19:42> User Rupert is logging out in lib/GuArt/Controller.pm l. 70
[GuArt::Controller:4406] debug @2015-04-30 19:19:42> request path: / in lib/GuArt/Controller.pm l. 11
[GuArt::Controller:4406] debug @2015-04-30 19:19:42> request path: /login/ in lib/GuArt/Controller.pm l. 11
[GuArt::Controller:4826] debug @2015-04-30 19:23:49> request path: / in lib/GuArt/Controller.pm l. 11
[GuArt::Controller:4826] debug @2015-04-30 19:23:49> request path: /login/ in lib/GuArt/Controller.pm l. 11
[GuArt::Controller:4826] debug @2015-04-30 19:23:57> request path: / in lib/GuArt/Controller.pm l. 11
[GuArt::Controller:5432] debug @2015-04-30 19:33:42> request path: / in lib/GuArt/Controller.pm l. 11
[GuArt::Controller:5432] debug @2015-04-30 19:33:42> request path: /login/ in lib/GuArt/Controller.pm l. 11
[GuArt::Controller:5432] debug @2015-04-30 19:33:46> request path: / in lib/GuArt/Controller.pm l. 11
[GuArt::Controller:5432] debug @2015-04-30 19:33:55> request path: /hokus in lib/GuArt/Controller.pm l. 11
[GuArt::Controller:5432] debug @2015-04-30 19:34:22> request path: /logout in lib/GuArt/Controller.pm l. 11
[GuArt::Controller:5432] warning @2015-04-30 19:34:22> User pavel is logging out in lib/GuArt/Controller.pm l. 70
[GuArt::Controller:5432] debug @2015-04-30 19:34:23> request path: / in lib/GuArt/Controller.pm l. 11
[GuArt::Controller:5432] debug @2015-04-30 19:34:23> request path: /login/ in lib/GuArt/Controller.pm l. 11
[GuArt::Controller:5555] debug @2015-04-30 19:35:18> request path: /fjowiejfow\ in lib/GuArt/Controller.pm l. 11
[GuArt::Controller:5555] debug @2015-04-30 19:35:18> request path: /login/fjowiejfow\ in lib/GuArt/Controller.pm l. 11
[GuArt::Controller:5555] debug @2015-04-30 19:35:28> request path: / in lib/GuArt/Controller.pm l. 11
[GuArt::Controller:5555] debug @2015-04-30 19:35:28> request path: /fjowiejfow\ in lib/GuArt/Controller.pm l. 11
[GuArt::Controller:5555] debug @2015-04-30 19:35:28> request path: /css/error.css in lib/GuArt/Controller.pm l. 11
